0 silly input [ 'build' ]
1 silly flags { _: [ 'run' ],
1 silly flags   'reject-cycles': false,
1 silly flags   rejectCycles: false,
1 silly flags   script: 'build',
1 silly flags   args: [] }
2 verbose rootPath C:\dev\OlaPlayground\yarn-workspaceV4\project-workspace
3 info version 2.11.0
4 silly existsSync C:\dev\OlaPlayground\yarn-workspaceV4\project-workspace\VERSION
5 silly initialize attempt
6 silly initialize success
7 silly execute attempt
8 silly runScriptInDir build [] common
9 silly getExecOpts { cwd:
9 silly getExecOpts    'C:\\dev\\OlaPlayground\\yarn-workspaceV4\\project-workspace\\packages\\common' }
10 silly runScriptInDir build [] web
11 silly getExecOpts { cwd:
11 silly getExecOpts    'C:\\dev\\OlaPlayground\\yarn-workspaceV4\\project-workspace\\packages\\web' }
12 error build Errored while running script in '@cashew/common'
13 error execute callback with error
14 error Error: Command failed: yarn run build
14 error error Command failed with exit code 2.
14 error $ tsc
14 error ../../node_modules/@types/graphql/subscription/subscribe.d.ts(36,13): error TS2304: Cannot find name 'AsyncIterator'.
14 error ../../node_modules/@types/graphql/subscription/subscribe.d.ts(47,12): error TS2304: Cannot find name 'AsyncIterator'.
14 error ../../node_modules/@types/graphql/subscription/subscribe.d.ts(75,12): error TS2304: Cannot find name 'AsyncIterable'.
14 error info Visit https://yarnpkg.com/en/docs/cli/run for documentation about this command.
14 error
14 error     at Promise.all.then.arr (C:\dev\OlaPlayground\yarn-workspaceV4\project-workspace\node_modules\lerna\node_modules\execa\index.js:236:11)
